<?xml version="1.0" encoding="UTF-8"?>
<!-- Generated by org.testng.reporters.JUnitXMLReporter -->
<testsuite ignored="6" hostname="DESKTOP-9E95C5R" failures="0" tests="4" name="edge" time="327.625" errors="0" timestamp="20 May 2022 09:42:22 GMT">
  <testcase classname="com.SDET34L1.GenericLibrary.BaseClass" name="@BeforeClass beforeClassTest" time="69.945">
    <failure type="org.openqa.selenium.WebDriverException" message="chrome not reachable
Build info: version: &amp;apos;3.141.59&amp;apos;, revision: &amp;apos;e82be7d358&amp;apos;, time: &amp;apos;2018-11-14T08:17:03&amp;apos;
System info: host: &amp;apos;DESKTOP-9E95C5R&amp;apos;, ip: &amp;apos;192.168.169.78&amp;apos;, os.name: &amp;apos;Windows 10&amp;apos;, os.arch: &amp;apos;amd64&amp;apos;, os.version: &amp;apos;10.0&amp;apos;, java.version: &amp;apos;16.0.1&amp;apos;
Driver info: driver.version: EdgeDriver
remote stacktrace: Backtrace:
	Microsoft::Applications::Events::EventProperties::unpack [0x00007FF724CACC52+24658]
	Microsoft::Applications::Events::time_ticks_t::time_ticks_t [0x00007FF724BED342+539922]
	Ordinal0 [0x00007FF7246F0DBB+658875]
	Ordinal0 [0x00007FF7246DFF6C+589676]
	Ordinal0 [0x00007FF72471BC64+834660]
	Ordinal0 [0x00007FF724717214+815636]
	Ordinal0 [0x00007FF724712F3B+798523]
	Ordinal0 [0x00007FF72474CD9D+1035677]
	Ordinal0 [0x00007FF7247474B3+1012915]
	Ordinal0 [0x00007FF72471E440+844864]
	Ordinal0 [0x00007FF72471F848+849992]
	Microsoft::Applications::Events::EventProperty::EventProperty [0x00007FF7249B17D8+120584]
	Microsoft::Applications::Events::EventProperty::EventProperty [0x00007FF72499CE1E+36174]
	Microsoft::Applications::Events::EventProperty::EventProperty [0x00007FF7249A001C+48972]
	Microsoft::Applications::Events::EventProperty::to_string [0x00007FF7247F0716+30806]
	Microsoft::Applications::Events::time_ticks_t::time_ticks_t [0x00007FF724BF4611+569313]
	Microsoft::Applications::Events::time_ticks_t::time_ticks_t [0x00007FF724BF9044+588308]
	Microsoft::Applications::Events::time_ticks_t::time_ticks_t [0x00007FF724BF919D+588653]
	Microsoft::Applications::Events::time_ticks_t::time_ticks_t [0x00007FF724C0292E+627454]
	BaseThreadInitThunk [0x00007FFAE8487034+20]
	RtlUserThreadStart [0x00007FFAE8A22651+33]
">
      <![CDATA[org.openqa.selenium.WebDriverException: chrome not reachable
Build info: version: '3.141.59', revision: 'e82be7d358', time: '2018-11-14T08:17:03'
System info: host: 'DESKTOP-9E95C5R', ip: '192.168.169.78', os.name: 'Windows 10', os.arch: 'amd64', os.version: '10.0', java.version: '16.0.1'
Driver info: driver.version: EdgeDriver
remote stacktrace: Backtrace:
Microsoft::Applications::Events::EventProperties::unpack [0x00007FF724CACC52+24658]
Microsoft::Applications::Events::time_ticks_t::time_ticks_t [0x00007FF724BED342+539922]
Ordinal0 [0x00007FF7246F0DBB+658875]
Ordinal0 [0x00007FF7246DFF6C+589676]
Ordinal0 [0x00007FF72471BC64+834660]
Ordinal0 [0x00007FF724717214+815636]
Ordinal0 [0x00007FF724712F3B+798523]
Ordinal0 [0x00007FF72474CD9D+1035677]
Ordinal0 [0x00007FF7247474B3+1012915]
Ordinal0 [0x00007FF72471E440+844864]
Ordinal0 [0x00007FF72471F848+849992]
Microsoft::Applications::Events::EventProperty::EventProperty [0x00007FF7249B17D8+120584]
Microsoft::Applications::Events::EventProperty::EventProperty [0x00007FF72499CE1E+36174]
Microsoft::Applications::Events::EventProperty::EventProperty [0x00007FF7249A001C+48972]
Microsoft::Applications::Events::EventProperty::to_string [0x00007FF7247F0716+30806]
Microsoft::Applications::Events::time_ticks_t::time_ticks_t [0x00007FF724BF4611+569313]
Microsoft::Applications::Events::time_ticks_t::time_ticks_t [0x00007FF724BF9044+588308]
Microsoft::Applications::Events::time_ticks_t::time_ticks_t [0x00007FF724BF919D+588653]
Microsoft::Applications::Events::time_ticks_t::time_ticks_t [0x00007FF724C0292E+627454]
BaseThreadInitThunk [0x00007FFAE8487034+20]
RtlUserThreadStart [0x00007FFAE8A22651+33]

at org.openqa.selenium.remote.W3CHandshakeResponse.lambda$errorHandler$0(W3CHandshakeResponse.java:62)
at org.openqa.selenium.remote.HandshakeResponse.lambda$getResponseFunction$0(HandshakeResponse.java:30)
at org.openqa.selenium.remote.ProtocolHandshake.lambda$createSession$0(ProtocolHandshake.java:126)
at java.base/java.util.stream.ReferencePipeline$3$1.accept(ReferencePipeline.java:197)
at java.base/java.util.Spliterators$ArraySpliterator.tryAdvance(Spliterators.java:958)
at java.base/java.util.stream.ReferencePipeline.forEachWithCancel(ReferencePipeline.java:129)
at java.base/java.util.stream.AbstractPipeline.copyIntoWithCancel(AbstractPipeline.java:502)
at java.base/java.util.stream.AbstractPipeline.copyInto(AbstractPipeline.java:488)
at java.base/java.util.stream.AbstractPipeline.wrapAndCopyInto(AbstractPipeline.java:474)
at java.base/java.util.stream.FindOps$FindOp.evaluateSequential(FindOps.java:150)
at java.base/java.util.stream.AbstractPipeline.evaluate(AbstractPipeline.java:234)
at java.base/java.util.stream.ReferencePipeline.findFirst(ReferencePipeline.java:647)
at org.openqa.selenium.remote.ProtocolHandshake.createSession(ProtocolHandshake.java:128)
at org.openqa.selenium.remote.ProtocolHandshake.createSession(ProtocolHandshake.java:74)
at org.openqa.selenium.remote.HttpCommandExecutor.execute(HttpCommandExecutor.java:136)
at org.openqa.selenium.remote.service.DriverCommandExecutor.execute(DriverCommandExecutor.java:83)
at org.openqa.selenium.remote.RemoteWebDriver.execute(RemoteWebDriver.java:552)
at org.openqa.selenium.remote.RemoteWebDriver.startSession(RemoteWebDriver.java:213)
at org.openqa.selenium.remote.RemoteWebDriver.<init>(RemoteWebDriver.java:131)
at org.openqa.selenium.edge.EdgeDriver.<init>(EdgeDriver.java:141)
at org.openqa.selenium.edge.EdgeDriver.<init>(EdgeDriver.java:96)
at com.SDET34L1.GenericLibrary.BaseClass.beforeClassTest(BaseClass.java:78)
at java.base/java.util.concurrent.FutureTask.run(FutureTask.java:264)
at java.base/java.util.concurrent.ThreadPoolExecutor.runWorker(ThreadPoolExecutor.java:1130)
at java.base/java.util.concurrent.ThreadPoolExecutor$Worker.run(ThreadPoolExecutor.java:630)
at java.base/java.lang.Thread.run(Thread.java:831)
... Removed 22 stack frames]]>
    </failure>
  </testcase> <!-- @BeforeClass beforeClassTest -->
  <testcase classname="com.SDET34L1.GenericLibrary.BaseClass" name="@BeforeMethod beforeMethodTest" time="0.0">
    <skipped/>
  </testcase> <!-- @BeforeMethod beforeMethodTest -->
  <testcase classname="com.SDET34L1.GenericLibrary.BaseClass" name="@AfterMethod afterMethodTest" time="0.0">
    <skipped/>
  </testcase> <!-- @AfterMethod afterMethodTest -->
  <testcase classname="com.SDET34L1.GenericLibrary.BaseClass" name="@AfterClass afterClassTest" time="0.0">
    <skipped/>
  </testcase> <!-- @AfterClass afterClassTest -->
  <testcase classname="com.SDET34L1.GenericLibrary.BaseClass" name="@BeforeClass beforeClassTest" time="70.208">
    <failure type="org.openqa.selenium.WebDriverException" message="chrome not reachable
Build info: version: &amp;apos;3.141.59&amp;apos;, revision: &amp;apos;e82be7d358&amp;apos;, time: &amp;apos;2018-11-14T08:17:03&amp;apos;
System info: host: &amp;apos;DESKTOP-9E95C5R&amp;apos;, ip: &amp;apos;192.168.169.78&amp;apos;, os.name: &amp;apos;Windows 10&amp;apos;, os.arch: &amp;apos;amd64&amp;apos;, os.version: &amp;apos;10.0&amp;apos;, java.version: &amp;apos;16.0.1&amp;apos;
Driver info: driver.version: EdgeDriver
remote stacktrace: Backtrace:
	Microsoft::Applications::Events::EventProperties::unpack [0x00007FF724CACC52+24658]
	Microsoft::Applications::Events::time_ticks_t::time_ticks_t [0x00007FF724BED342+539922]
	Ordinal0 [0x00007FF7246F0DBB+658875]
	Ordinal0 [0x00007FF7246DFF6C+589676]
	Ordinal0 [0x00007FF72471BC64+834660]
	Ordinal0 [0x00007FF724717214+815636]
	Ordinal0 [0x00007FF724712F3B+798523]
	Ordinal0 [0x00007FF72474CD9D+1035677]
	Ordinal0 [0x00007FF7247474B3+1012915]
	Ordinal0 [0x00007FF72471E440+844864]
	Ordinal0 [0x00007FF72471F848+849992]
	Microsoft::Applications::Events::EventProperty::EventProperty [0x00007FF7249B17D8+120584]
	Microsoft::Applications::Events::EventProperty::EventProperty [0x00007FF72499CE1E+36174]
	Microsoft::Applications::Events::EventProperty::EventProperty [0x00007FF7249A001C+48972]
	Microsoft::Applications::Events::EventProperty::to_string [0x00007FF7247F0716+30806]
	Microsoft::Applications::Events::time_ticks_t::time_ticks_t [0x00007FF724BF4611+569313]
	Microsoft::Applications::Events::time_ticks_t::time_ticks_t [0x00007FF724BF9044+588308]
	Microsoft::Applications::Events::time_ticks_t::time_ticks_t [0x00007FF724BF919D+588653]
	Microsoft::Applications::Events::time_ticks_t::time_ticks_t [0x00007FF724C0292E+627454]
	BaseThreadInitThunk [0x00007FFAE8487034+20]
	RtlUserThreadStart [0x00007FFAE8A22651+33]
">
      <![CDATA[org.openqa.selenium.WebDriverException: chrome not reachable
Build info: version: '3.141.59', revision: 'e82be7d358', time: '2018-11-14T08:17:03'
System info: host: 'DESKTOP-9E95C5R', ip: '192.168.169.78', os.name: 'Windows 10', os.arch: 'amd64', os.version: '10.0', java.version: '16.0.1'
Driver info: driver.version: EdgeDriver
remote stacktrace: Backtrace:
Microsoft::Applications::Events::EventProperties::unpack [0x00007FF724CACC52+24658]
Microsoft::Applications::Events::time_ticks_t::time_ticks_t [0x00007FF724BED342+539922]
Ordinal0 [0x00007FF7246F0DBB+658875]
Ordinal0 [0x00007FF7246DFF6C+589676]
Ordinal0 [0x00007FF72471BC64+834660]
Ordinal0 [0x00007FF724717214+815636]
Ordinal0 [0x00007FF724712F3B+798523]
Ordinal0 [0x00007FF72474CD9D+1035677]
Ordinal0 [0x00007FF7247474B3+1012915]
Ordinal0 [0x00007FF72471E440+844864]
Ordinal0 [0x00007FF72471F848+849992]
Microsoft::Applications::Events::EventProperty::EventProperty [0x00007FF7249B17D8+120584]
Microsoft::Applications::Events::EventProperty::EventProperty [0x00007FF72499CE1E+36174]
Microsoft::Applications::Events::EventProperty::EventProperty [0x00007FF7249A001C+48972]
Microsoft::Applications::Events::EventProperty::to_string [0x00007FF7247F0716+30806]
Microsoft::Applications::Events::time_ticks_t::time_ticks_t [0x00007FF724BF4611+569313]
Microsoft::Applications::Events::time_ticks_t::time_ticks_t [0x00007FF724BF9044+588308]
Microsoft::Applications::Events::time_ticks_t::time_ticks_t [0x00007FF724BF919D+588653]
Microsoft::Applications::Events::time_ticks_t::time_ticks_t [0x00007FF724C0292E+627454]
BaseThreadInitThunk [0x00007FFAE8487034+20]
RtlUserThreadStart [0x00007FFAE8A22651+33]

at org.openqa.selenium.remote.W3CHandshakeResponse.lambda$errorHandler$0(W3CHandshakeResponse.java:62)
at org.openqa.selenium.remote.HandshakeResponse.lambda$getResponseFunction$0(HandshakeResponse.java:30)
at org.openqa.selenium.remote.ProtocolHandshake.lambda$createSession$0(ProtocolHandshake.java:126)
at java.base/java.util.stream.ReferencePipeline$3$1.accept(ReferencePipeline.java:197)
at java.base/java.util.Spliterators$ArraySpliterator.tryAdvance(Spliterators.java:958)
at java.base/java.util.stream.ReferencePipeline.forEachWithCancel(ReferencePipeline.java:129)
at java.base/java.util.stream.AbstractPipeline.copyIntoWithCancel(AbstractPipeline.java:502)
at java.base/java.util.stream.AbstractPipeline.copyInto(AbstractPipeline.java:488)
at java.base/java.util.stream.AbstractPipeline.wrapAndCopyInto(AbstractPipeline.java:474)
at java.base/java.util.stream.FindOps$FindOp.evaluateSequential(FindOps.java:150)
at java.base/java.util.stream.AbstractPipeline.evaluate(AbstractPipeline.java:234)
at java.base/java.util.stream.ReferencePipeline.findFirst(ReferencePipeline.java:647)
at org.openqa.selenium.remote.ProtocolHandshake.createSession(ProtocolHandshake.java:128)
at org.openqa.selenium.remote.ProtocolHandshake.createSession(ProtocolHandshake.java:74)
at org.openqa.selenium.remote.HttpCommandExecutor.execute(HttpCommandExecutor.java:136)
at org.openqa.selenium.remote.service.DriverCommandExecutor.execute(DriverCommandExecutor.java:83)
at org.openqa.selenium.remote.RemoteWebDriver.execute(RemoteWebDriver.java:552)
at org.openqa.selenium.remote.RemoteWebDriver.startSession(RemoteWebDriver.java:213)
at org.openqa.selenium.remote.RemoteWebDriver.<init>(RemoteWebDriver.java:131)
at org.openqa.selenium.edge.EdgeDriver.<init>(EdgeDriver.java:141)
at org.openqa.selenium.edge.EdgeDriver.<init>(EdgeDriver.java:96)
at com.SDET34L1.GenericLibrary.BaseClass.beforeClassTest(BaseClass.java:78)
at java.base/java.util.concurrent.FutureTask.run(FutureTask.java:264)
at java.base/java.util.concurrent.ThreadPoolExecutor.runWorker(ThreadPoolExecutor.java:1130)
at java.base/java.util.concurrent.ThreadPoolExecutor$Worker.run(ThreadPoolExecutor.java:630)
at java.base/java.lang.Thread.run(Thread.java:831)
... Removed 22 stack frames]]>
    </failure>
  </testcase> <!-- @BeforeClass beforeClassTest -->
  <testcase classname="com.SDET34L1.GenericLibrary.BaseClass" name="@BeforeMethod beforeMethodTest" time="0.0">
    <skipped/>
  </testcase> <!-- @BeforeMethod beforeMethodTest -->
  <testcase classname="com.SDET34L1.GenericLibrary.BaseClass" name="@AfterMethod afterMethodTest" time="0.0">
    <skipped/>
  </testcase> <!-- @AfterMethod afterMethodTest -->
  <testcase classname="com.SDET34L1.GenericLibrary.BaseClass" name="@AfterClass afterClassTest" time="0.0">
    <skipped/>
  </testcase> <!-- @AfterClass afterClassTest -->
  <testcase classname="com.SDET34L1.GenericLibrary.BaseClass" name="@BeforeClass beforeClassTest" time="131.408">
    <failure type="org.openqa.selenium.TimeoutException" message="Failed to read marionette port
Build info: version: &amp;apos;3.141.59&amp;apos;, revision: &amp;apos;e82be7d358&amp;apos;, time: &amp;apos;2018-11-14T08:17:03&amp;apos;
System info: host: &amp;apos;DESKTOP-9E95C5R&amp;apos;, ip: &amp;apos;192.168.169.78&amp;apos;, os.name: &amp;apos;Windows 10&amp;apos;, os.arch: &amp;apos;amd64&amp;apos;, os.version: &amp;apos;10.0&amp;apos;, java.version: &amp;apos;16.0.1&amp;apos;
Driver info: driver.version: FirefoxDriver
remote stacktrace: ">
      <![CDATA[org.openqa.selenium.TimeoutException: Failed to read marionette port
Build info: version: '3.141.59', revision: 'e82be7d358', time: '2018-11-14T08:17:03'
System info: host: 'DESKTOP-9E95C5R', ip: '192.168.169.78', os.name: 'Windows 10', os.arch: 'amd64', os.version: '10.0', java.version: '16.0.1'
Driver info: driver.version: FirefoxDriver
remote stacktrace: 
at org.openqa.selenium.remote.W3CHandshakeResponse.lambda$errorHandler$0(W3CHandshakeResponse.java:62)
at org.openqa.selenium.remote.HandshakeResponse.lambda$getResponseFunction$0(HandshakeResponse.java:30)
at org.openqa.selenium.remote.ProtocolHandshake.lambda$createSession$0(ProtocolHandshake.java:126)
at java.base/java.util.stream.ReferencePipeline$3$1.accept(ReferencePipeline.java:197)
at java.base/java.util.Spliterators$ArraySpliterator.tryAdvance(Spliterators.java:958)
at java.base/java.util.stream.ReferencePipeline.forEachWithCancel(ReferencePipeline.java:129)
at java.base/java.util.stream.AbstractPipeline.copyIntoWithCancel(AbstractPipeline.java:502)
at java.base/java.util.stream.AbstractPipeline.copyInto(AbstractPipeline.java:488)
at java.base/java.util.stream.AbstractPipeline.wrapAndCopyInto(AbstractPipeline.java:474)
at java.base/java.util.stream.FindOps$FindOp.evaluateSequential(FindOps.java:150)
at java.base/java.util.stream.AbstractPipeline.evaluate(AbstractPipeline.java:234)
at java.base/java.util.stream.ReferencePipeline.findFirst(ReferencePipeline.java:647)
at org.openqa.selenium.remote.ProtocolHandshake.createSession(ProtocolHandshake.java:128)
at org.openqa.selenium.remote.ProtocolHandshake.createSession(ProtocolHandshake.java:74)
at org.openqa.selenium.remote.HttpCommandExecutor.execute(HttpCommandExecutor.java:136)
at org.openqa.selenium.remote.service.DriverCommandExecutor.execute(DriverCommandExecutor.java:83)
at org.openqa.selenium.remote.RemoteWebDriver.execute(RemoteWebDriver.java:552)
at org.openqa.selenium.remote.RemoteWebDriver.startSession(RemoteWebDriver.java:213)
at org.openqa.selenium.remote.RemoteWebDriver.<init>(RemoteWebDriver.java:131)
at org.openqa.selenium.firefox.FirefoxDriver.<init>(FirefoxDriver.java:147)
at org.openqa.selenium.firefox.FirefoxDriver.<init>(FirefoxDriver.java:125)
at com.SDET34L1.GenericLibrary.BaseClass.beforeClassTest(BaseClass.java:82)
at java.base/java.util.concurrent.FutureTask.run(FutureTask.java:264)
at java.base/java.util.concurrent.ThreadPoolExecutor.runWorker(ThreadPoolExecutor.java:1130)
at java.base/java.util.concurrent.ThreadPoolExecutor$Worker.run(ThreadPoolExecutor.java:630)
at java.base/java.lang.Thread.run(Thread.java:831)
... Removed 22 stack frames]]>
    </failure>
  </testcase> <!-- @BeforeClass beforeClassTest -->
  <testcase classname="com.SDET34L1.GenericLibrary.BaseClass" name="@BeforeMethod beforeMethodTest" time="0.0">
    <skipped/>
  </testcase> <!-- @BeforeMethod beforeMethodTest -->
  <testcase classname="com.SDET34L1.GenericLibrary.BaseClass" name="@AfterMethod afterMethodTest" time="0.0">
    <skipped/>
  </testcase> <!-- @AfterMethod afterMethodTest -->
  <testcase classname="com.SDET34L1.GenericLibrary.BaseClass" name="@AfterClass afterClassTest" time="0.0">
    <skipped/>
  </testcase> <!-- @AfterClass afterClassTest -->
  <testcase classname="com.vtiger.contacts.Test.CreateContactsWithOrganizationTest" name="createContactsWithOrganizationTest" time="0.0">
    <skipped/>
  </testcase> <!-- createContactsWithOrganizationTest -->
  <testcase classname="com.vtigar.campaings.Test.CreateCampaignsWithProductTest" name="createCampaignsWithProductTest" time="0.0">
    <skipped/>
  </testcase> <!-- createCampaignsWithProductTest -->
  <testcase classname="com.vtiger.contacts.Test.CreateContactTest" name="createContactTest" time="44.72"/>
  <testcase classname="com.vtigar.campaings.Test.CreateCampaignsTest" name="createcampaignsPracticeTest" time="29.496"/>
  <testcase classname="com.SDET34L1.GenericLibrary.BaseClass" name="@BeforeSuite beforeSuiteTest" time="0.0">
    <ignored/>
  </testcase> <!-- @BeforeSuite beforeSuiteTest -->
  <testcase classname="com.SDET34L1.GenericLibrary.BaseClass" name="@BeforeSuite beforeSuiteTest" time="0.0">
    <ignored/>
  </testcase> <!-- @BeforeSuite beforeSuiteTest -->
  <testcase classname="com.SDET34L1.GenericLibrary.BaseClass" name="@BeforeSuite beforeSuiteTest" time="0.0">
    <ignored/>
  </testcase> <!-- @BeforeSuite beforeSuiteTest -->
  <testcase classname="com.SDET34L1.GenericLibrary.BaseClass" name="@AfterSuite afterSuiteTest" time="0.0">
    <ignored/>
  </testcase> <!-- @AfterSuite afterSuiteTest -->
  <testcase classname="com.SDET34L1.GenericLibrary.BaseClass" name="@AfterSuite afterSuiteTest" time="0.0">
    <ignored/>
  </testcase> <!-- @AfterSuite afterSuiteTest -->
  <testcase classname="com.SDET34L1.GenericLibrary.BaseClass" name="@AfterSuite afterSuiteTest" time="0.0">
    <ignored/>
  </testcase> <!-- @AfterSuite afterSuiteTest -->
</testsuite> <!-- edge -->
